#
# There is insufficient memory for the Java Runtime Environment to continue.
# Native memory allocation (malloc) failed to allocate 1439696 bytes. Error detail: Chunk::new
# Possible reasons:
#   The system is out of physical RAM or swap space
#   This process is running with CompressedOops enabled, and the Java Heap may be blocking the growth of the native heap
# Possible solutions:
#   Reduce memory load on the system
#   Increase physical memory or swap space
#   Check if swap backing store is full
#   Decrease Java heap size (-Xmx/-Xms)
#   Decrease number of Java threads
#   Decrease Java thread stack sizes (-Xss)
#   Set larger code cache with -XX:ReservedCodeCacheSize=
#   JVM is running with Unscaled Compressed Oops mode in which the Java heap is
#     placed in the first 4GB address space. The Java Heap base address is the
#     maximum limit for the native heap growth. Please use -XX:HeapBaseMinAddress
#     to set the Java Heap base and to place the Java Heap above 4GB virtual address.
# This output file may be truncated or incomplete.
#
#  Out of Memory Error (arena.cpp:168), pid=29632, tid=49668
#
# JRE version: OpenJDK Runtime Environment Temurin-21.0.10+7 (21.0.10+7) (build 21.0.10+7-LTS)
# Java VM: OpenJDK 64-Bit Server VM Temurin-21.0.10+7 (21.0.10+7-LTS, mixed mode, sharing, tiered, compressed oops, compressed class ptrs, parallel gc, windows-amd64)
# No core dump will be written. Minidumps are not enabled by default on client versions of Windows
#

---------------  S U M M A R Y ------------

Command Line: --add-modules=ALL-SYSTEM --add-opens=java.base/java.util=ALL-UNNAMED --add-opens=java.base/java.lang=ALL-UNNAMED --add-opens=java.base/sun.nio.fs=ALL-UNNAMED -Declipse.application=org.eclipse.jdt.ls.core.id1 -Dosgi.bundles.defaultStartLevel=4 -Declipse.product=org.eclipse.jdt.ls.core.product -Djava.import.generatesMetadataFilesAtProjectRoot=false -DDetectVMInstallationsJob.disabled=true -Dfile.encoding=utf8 -XX:+UseParallelGC -XX:GCTimeRatio=4 -XX:AdaptiveSizePolicyWeight=90 -Dsun.zip.disableMemoryMapping=true -Xmx2G -Xms100m -Xlog:disable -javaagent:c:\Users\osarodions\.vscode\extensions\redhat.java-1.53.0-win32-x64\lombok\lombok-1.18.39-4050.jar -XX:+HeapDumpOnOutOfMemoryError -XX:HeapDumpPath=c:\Users\osarodions\AppData\Roaming\Code\User\workspaceStorage\c37b9b432612a68d201790a194620901\redhat.java -Daether.dependencyCollector.impl=bf c:\Users\osarodions\.vscode\extensions\redhat.java-1.53.0-win32-x64\server\plugins\org.eclipse.equinox.launcher_1.7.100.v20251111-0406.jar -configuration c:\Users\osarodions\AppData\Roaming\Code\User\globalStorage\redhat.java\1.53.0\config_win -data c:\Users\osarodions\AppData\Roaming\Code\User\workspaceStorage\c37b9b432612a68d201790a194620901\redhat.java\jdt_ws --pipe=\\.\pipe\lsp-f0fcd47826397c44699252e13514cdd9-sock

Host: Intel(R) Core(TM) i5-10310U CPU @ 1.70GHz, 8 cores, 7G,  Windows 11 , 64 bit Build 26100 (10.0.26100.7920)
Time: Sun Apr 12 16:12:05 2026 Mitteleurop鄜sche Sommerzeit elapsed time: 37.662280 seconds (0d 0h 0m 37s)

---------------  T H R E A D  ---------------

Current thread (0x000001b200778050):  JavaThread "C2 CompilerThread1" daemon [_thread_in_native, id=49668, stack(0x00000081db800000,0x00000081db900000) (1024K)]


Current CompileTask:
C2:37662 7637   !   4       java.nio.file.FileTreeWalker::next (144 bytes)

Stack: [0x00000081db800000,0x00000081db900000]
Native frames: (J=compiled Java code, j=interpreted, Vv=VM code, C=native code)
V  [jvm.dll+0x6d7a39]
V  [jvm.dll+0x8b4b26]
V  [jvm.dll+0x8b70de]
V  [jvm.dll+0x8b77c3]
V  [jvm.dll+0x284346]
V  [jvm.dll+0xc66ed]
V  [jvm.dll+0xc6c31]
V  [jvm.dll+0x3bec3b]
V  [jvm.dll+0x38b162]
V  [jvm.dll+0x38a5aa]
V  [jvm.dll+0x24c560]
V  [jvm.dll+0x24bb40]
V  [jvm.dll+0x1cb34e]
V  [jvm.dll+0x25b85d]
V  [jvm.dll+0x259dea]
V  [jvm.dll+0x3f857e]
V  [jvm.dll+0x85f59d]
V  [jvm.dll+0x6d626d]
C  [ucrtbase.dll+0x37b0]
C  [KERNEL32.DLL+0x2e8d7]
C  [ntdll.dll+0x8c48c]


---------------  P R O C E S S  ---------------

Threads class SMR info:
_java_thread_list=0x000001b203451110, length=47, elements={
0x000001b2212e2640, 0x000001b237d47fe0, 0x000001b237d48b10, 0x000001b237d501a0,
0x000001b237d588a0, 0x000001b237d57b80, 0x000001b237d56140, 0x000001b237d549c0,
0x000001b237d6a220, 0x000001b237d567d0, 0x000001b237d58210, 0x000001b237d58f30,
0x000001b237d56e60, 0x000001b237d55ab0, 0x000001b237d574f0, 0x000001b27f3dbc10,
0x000001b27f3daef0, 0x000001b27f3dc930, 0x000001b27f3dc2a0, 0x000001b27f3d94b0,
0x000001b27f3dcfc0, 0x000001b200778050, 0x000001b27f3d9b40, 0x000001b2010641e0,
0x000001b27f3dd650, 0x000001b27f3db580, 0x000001b27f3da1d0, 0x000001b27f3ddce0,
0x000001b27f3da860, 0x000001b27f3de370, 0x000001b27f3df090, 0x000001b27f3dea00,
0x000001b27f3e0440, 0x000001b27f3e0ad0, 0x000001b27f3df720, 0x000001b27f3dfdb0,
0x000001b202aa1380, 0x000001b202aa2730, 0x000001b202a9ffd0, 0x000001b202aa1a10,
0x000001b202aa20a0, 0x000001b202a9f2b0, 0x000001b202aa0cf0, 0x000001b202a9f940,
0x000001b203223740, 0x000001b203221670, 0x000001b2032202c0
}

Java Threads: ( => current thread )
  0x000001b2212e2640 JavaThread "main"                              [_thread_blocked, id=40316, stack(0x00000081d9900000,0x00000081d9a00000) (1024K)]
  0x000001b237d47fe0 JavaThread "Reference Handler"          daemon [_thread_blocked, id=35184, stack(0x00000081d9d00000,0x00000081d9e00000) (1024K)]
  0x000001b237d48b10 JavaThread "Finalizer"                  daemon [_thread_blocked, id=46556, stack(0x00000081d9e00000,0x00000081d9f00000) (1024K)]
  0x000001b237d501a0 JavaThread "Signal Dispatcher"          daemon [_thread_blocked, id=44584, stack(0x00000081d9f00000,0x00000081da000000) (1024K)]
  0x000001b237d588a0 JavaThread "Attach Listener"            daemon [_thread_blocked, id=17832, stack(0x00000081da000000,0x00000081da100000) (1024K)]
  0x000001b237d57b80 JavaThread "Service Thread"             daemon [_thread_blocked, id=17148, stack(0x00000081da100000,0x00000081da200000) (1024K)]
  0x000001b237d56140 JavaThread "Monitor Deflation Thread"   daemon [_thread_blocked, id=35720, stack(0x00000081da200000,0x00000081da300000) (1024K)]
  0x000001b237d549c0 JavaThread "C2 CompilerThread0"         daemon [_thread_in_native, id=10828, stack(0x00000081da300000,0x00000081da400000) (1024K)]
  0x000001b237d6a220 JavaThread "C1 CompilerThread0"         daemon [_thread_blocked, id=17164, stack(0x00000081da400000,0x00000081da500000) (1024K)]
  0x000001b237d567d0 JavaThread "Common-Cleaner"             daemon [_thread_blocked, id=26496, stack(0x00000081da500000,0x00000081da600000) (1024K)]
  0x000001b237d58210 JavaThread "Notification Thread"        daemon [_thread_blocked, id=26900, stack(0x00000081da600000,0x00000081da700000) (1024K)]
  0x000001b237d58f30 JavaThread "Active Thread: Equinox Container: 906017bf-5f9f-4ecb-8e0b-2cca2bed9852"        [_thread_blocked, id=25452, stack(0x00000081daf00000,0x00000081db000000) (1024K)]
  0x000001b237d56e60 JavaThread "Refresh Thread: Equinox Container: 906017bf-5f9f-4ecb-8e0b-2cca2bed9852" daemon [_thread_blocked, id=26872, stack(0x00000081da800000,0x00000081da900000) (1024K)]
  0x000001b237d55ab0 JavaThread "Framework Event Dispatcher: Equinox Container: 906017bf-5f9f-4ecb-8e0b-2cca2bed9852" daemon [_thread_blocked, id=49944, stack(0x00000081db000000,0x00000081db100000) (1024K)]
  0x000001b237d574f0 JavaThread "Start Level: Equinox Container: 906017bf-5f9f-4ecb-8e0b-2cca2bed9852" daemon [_thread_blocked, id=37828, stack(0x00000081db100000,0x00000081db200000) (1024K)]
  0x000001b27f3dbc10 JavaThread "Bundle File Closer"         daemon [_thread_blocked, id=8144, stack(0x00000081db300000,0x00000081db400000) (1024K)]
  0x000001b27f3daef0 JavaThread "SCR Component Actor"        daemon [_thread_blocked, id=34196, stack(0x00000081db200000,0x00000081db300000) (1024K)]
  0x000001b27f3dc930 JavaThread "Worker-JM"                         [_thread_blocked, id=13236, stack(0x00000081db500000,0x00000081db600000) (1024K)]
  0x000001b27f3dc2a0 JavaThread "JNA Cleaner"                daemon [_thread_blocked, id=9096, stack(0x00000081db400000,0x00000081db500000) (1024K)]
  0x000001b27f3d94b0 JavaThread "Worker-0"                          [_thread_blocked, id=20408, stack(0x00000081db600000,0x00000081db700000) (1024K)]
  0x000001b27f3dcfc0 JavaThread "Worker-1"                          [_thread_blocked, id=17516, stack(0x00000081db700000,0x00000081db800000) (1024K)]
=>0x000001b200778050 JavaThread "C2 CompilerThread1"         daemon [_thread_in_native, id=49668, stack(0x00000081db800000,0x00000081db900000) (1024K)]
  0x000001b27f3d9b40 JavaThread "Java indexing"              daemon [_thread_blocked, id=45368, stack(0x00000081db900000,0x00000081dba00000) (1024K)]
  0x000001b2010641e0 JavaThread "C2 CompilerThread2"         daemon [_thread_in_native, id=49408, stack(0x00000081dba00000,0x00000081dbb00000) (1024K)]
  0x000001b27f3dd650 JavaThread "Worker-2"                          [_thread_blocked, id=43784, stack(0x00000081dbd00000,0x00000081dbe00000) (1024K)]
  0x000001b27f3db580 JavaThread "Worker-3"                          [_thread_blocked, id=37672, stack(0x00000081dbe00000,0x00000081dbf00000) (1024K)]
  0x000001b27f3da1d0 JavaThread "Thread-1"                   daemon [_thread_in_native, id=48712, stack(0x00000081dbf00000,0x00000081dc000000) (1024K)]
  0x000001b27f3ddce0 JavaThread "Thread-2"                   daemon [_thread_in_native, id=29964, stack(0x00000081dc000000,0x00000081dc100000) (1024K)]
  0x000001b27f3da860 JavaThread "Thread-3"                   daemon [_thread_in_native, id=28180, stack(0x00000081dc100000,0x00000081dc200000) (1024K)]
  0x000001b27f3de370 JavaThread "Thread-4"                   daemon [_thread_in_native, id=15252, stack(0x00000081dc200000,0x00000081dc300000) (1024K)]
  0x000001b27f3df090 JavaThread "Thread-5"                   daemon [_thread_in_native, id=42400, stack(0x00000081dc300000,0x00000081dc400000) (1024K)]
  0x000001b27f3dea00 JavaThread "Thread-6"                   daemon [_thread_in_native, id=30452, stack(0x00000081dc400000,0x00000081dc500000) (1024K)]
  0x000001b27f3e0440 JavaThread "Thread-7"                   daemon [_thread_in_native, id=41772, stack(0x00000081dc500000,0x00000081dc600000) (1024K)]
  0x000001b27f3e0ad0 JavaThread "Thread-8"                   daemon [_thread_in_native, id=380, stack(0x00000081dc600000,0x00000081dc700000) (1024K)]
  0x000001b27f3df720 JavaThread "Thread-9"                   daemon [_thread_in_native, id=860, stack(0x00000081dc700000,0x00000081dc800000) (1024K)]
  0x000001b27f3dfdb0 JavaThread "Worker-4: Initialize workspace"        [_thread_in_vm, id=42048, stack(0x00000081dc800000,0x00000081dc900000) (1024K)]
  0x000001b202aa1380 JavaThread "pool-2-thread-1"                   [_thread_blocked, id=18596, stack(0x00000081dc900000,0x00000081dca00000) (1024K)]
  0x000001b202aa2730 JavaThread "WorkspaceEventsHandler"            [_thread_blocked, id=17168, stack(0x00000081dca00000,0x00000081dcb00000) (1024K)]
  0x000001b202a9ffd0 JavaThread "pool-1-thread-1"                   [_thread_blocked, id=47248, stack(0x00000081dcb00000,0x00000081dcc00000) (1024K)]
  0x000001b202aa1a10 JavaThread "ForkJoinPool.commonPool-worker-1" daemon [_thread_blocked, id=30344, stack(0x00000081dcd00000,0x00000081dce00000) (1024K)]
  0x000001b202aa20a0 JavaThread "ForkJoinPool.commonPool-worker-2" daemon [_thread_blocked, id=11460, stack(0x00000081dce00000,0x00000081dcf00000) (1024K)]
  0x000001b202a9f2b0 JavaThread "ForkJoinPool.commonPool-worker-3" daemon [_thread_blocked, id=17372, stack(0x00000081dcf00000,0x00000081dd000000) (1024K)]
  0x000001b202aa0cf0 JavaThread "ForkJoinPool.commonPool-worker-4" daemon [_thread_blocked, id=19248, stack(0x00000081dd000000,0x00000081dd100000) (1024K)]
  0x000001b202a9f940 JavaThread "ForkJoinPool.commonPool-worker-5" daemon [_thread_blocked, id=35392, stack(0x00000081dd100000,0x00000081dd200000) (1024K)]
  0x000001b203223740 JavaThread "ForkJoinPool.commonPool-worker-6" daemon [_thread_blocked, id=50824, stack(0x00000081dd200000,0x00000081dd300000) (1024K)]
  0x000001b203221670 JavaThread "ForkJoinPool.commonPool-worker-7" daemon [_thread_blocked, id=39880, stack(0x00000081dd300000,0x00000081dd400000) (1024K)]
  0x000001b2032202c0 JavaThread "Keep-Alive-Timer"           daemon [_thread_blocked, id=384, stack(0x00000081dd400000,0x00000081dd500000) (1024K)]
Total: 47

Other Threads:
  0x000001b237d428c0 VMThread "VM Thread"                           [id=37044, stack(0x00000081d9c00000,0x00000081d9d00000) (1024K)]
  0x000001b237c5ca00 WatcherThread "VM Periodic Task Thread"        [id=9228, stack(0x00000081d9b00000,0x00000081d9c00000) (1024K)]
  0x000001b2212f2540 WorkerThread "GC Thread#0"                     [id=12560, stack(0x00000081d9a00000,0x00000081d9b00000) (1024K)]
  0x000001b27f0e8e80 WorkerThread "GC Thread#1"                     [id=37064, stack(0x00000081da900000,0x00000081daa00000) (1024K)]
  0x000001b27f0e9230 WorkerThread "GC Thread#2"                     [id=4768, stack(0x00000081daa00000,0x00000081dab00000) (1024K)]
  0x000001b27f0e95e0 WorkerThread "GC Thread#3"                     [id=45572, stack(0x00000081dab00000,0x00000081dac00000) (1024K)]
  0x000001b27f0e9990 WorkerThread "GC Thread#4"                     [id=25948, stack(0x00000081dac00000,0x00000081dad00000) (1024K)]
  0x000001b27f19a4b0 WorkerThread "GC Thread#5"                     [id=44072, stack(0x00000081dad00000,0x00000081dae00000) (1024K)]
  0x000001b27f19a860 WorkerThread "GC Thread#6"                     [id=50744, stack(0x00000081dae00000,0x00000081daf00000) (1024K)]
  0x000001b27a698860 WorkerThread "GC Thread#7"                     [id=50028, stack(0x00000081da700000,0x00000081da800000) (1024K)]
Total: 10

Threads with active compile tasks:
C2 CompilerThread0  37733 7717   !   4       java.nio.file.FileTreeWalker::visit (204 bytes)
C2 CompilerThread1  37733 7637   !   4       java.nio.file.FileTreeWalker::next (144 bytes)
C2 CompilerThread2  37733 7785       4       java.util.ArrayList::equalsRange (85 bytes)
Total: 3

VM state: not at safepoint (normal execution)

VM Mutex/Monitor currently owned by a thread:  ([mutex/lock_event])
[0x00007ffaf8dde460] CodeCache_lock - owner thread: 0x000001b27f3dfdb0

Heap address: 0x0000000080000000, size: 2048 MB, Compressed Oops mode: 32-bit

CDS archive(s) mapped at: [0x000001b238000000-0x000001b238ba0000-0x000001b238ba0000), size 12189696, SharedBaseAddress: 0x000001b238000000, ArchiveRelocationMode: 1.
Compressed class space mapped at: 0x000001b239000000-0x000001b279000000, reserved size: 1073741824
Narrow klass base: 0x000001b238000000, Narrow klass shift: 0, Narrow klass range: 0x100000000

GC Precious Log:
 CardTable entry size: 512
 CPUs: 8 total, 8 available
 Memory: 7792M
 Large Page Support: Disabled
 NUMA Support: Disabled
 Compressed Oops: Enabled (32-bit)
 Alignments: Space 512K, Generation 512K, Heap 2M
 Heap Min Capacity: 100M
 Heap Initial Capacity: 100M
 Heap Max Capacity: 2G
 Pre-touch: Disabled
 Parallel Workers: 8

Heap:
 PSYoungGen      total 25088K, used 17816K [0x00000000d5580000, 0x00000000d7300000, 0x0000000100000000)
  eden space 23040K, 69% used [0x00000000d5580000,0x00000000d6512190,0x00000000d6c00000)
  from space 2048K, 91% used [0x00000000d6c00000,0x00000000d6dd4020,0x00000000d6e00000)
  to   space 2048K, 0% used [0x00000000d7100000,0x00000000d7100000,0x00000000d7300000)
 ParOldGen       total 68608K, used 39574K [0x0000000080000000, 0x0000000084300000, 0x00000000d5580000)
  object space 68608K, 57% used [0x0000000080000000,0x00000000826a5ae8,0x0000000084300000)
 Metaspace       used 54007K, committed 55360K, reserved 1114112K
  class space    used 5930K, committed 6464K, reserved 1048576K

Card table byte_map: [0x000001b220c70000,0x000001b221080000] _byte_map_base: 0x000001b220870000

Marking Bits: (ParMarkBitMap*) 0x00007ffaf8de3450
 Begin Bits: [0x000001b233780000, 0x000001b235780000)
 End Bits:   [0x000001b235780000, 0x000001b237780000)

Polling page: 0x000001b21f130000

Metaspace:

Usage:
  Non-class:     46.95 MB used.
      Class:      5.79 MB used.
       Both:     52.74 MB used.

Virtual space:
  Non-class space:       64.00 MB reserved,      47.75 MB ( 75%) committed,  1 nodes.
      Class space:        1.00 GB reserved,       6.31 MB ( <1%) committed,  1 nodes.
             Both:        1.06 GB reserved,      54.06 MB (  5%) committed. 

Chunk freelists:
   Non-Class:  15.80 MB
       Class:  9.69 MB
        Both:  25.48 MB

MaxMetaspaceSize: unlimited
CompressedClassSpaceSize: 1.00 GB
Initial GC threshold: 21.00 MB
Current GC threshold: 58.38 MB
CDS: on
 - commit_granule_bytes: 65536.
 - commit_granule_words: 8192.
 - virtual_space_node_default_size: 8388608.
 - enlarge_chunks_in_place: 1.
 - use_allocation_guard: 0.


Internal statistics:

num_allocs_failed_limit: 6.
num_arena_births: 1020.
num_arena_deaths: 14.
num_vsnodes_births: 2.
num_vsnodes_deaths: 0.
num_space_committed: 865.
num_space_uncommitted: 0.
num_chunks_returned_to_freelist: 20.
num_chunks_taken_from_freelist: 3355.
num_chunk_merges: 12.
num_chunk_splits: 2048.
num_chunks_enlarged: 1102.
num_inconsistent_stats: 0.

CodeHeap 'non-profiled nmethods': size=120000Kb used=4047Kb max_used=4047Kb free=115952Kb
 bounds [0x000001b22bfa0000, 0x000001b22c3a0000, 0x000001b2334d0000]
CodeHeap 'profiled nmethods': size=120000Kb used=15125Kb max_used=15125Kb free=104874Kb
 bounds [0x000001b2244d0000, 0x000001b2253a0000, 0x000001b22ba00000]
CodeHeap 'non-nmethods': size=5760Kb used=1416Kb max_used=1511Kb free=4343Kb
 bounds [0x000001b22ba00000, 0x000001b22bc70000, 0x000001b22bfa0000]
CodeCache: size=245760Kb, used=20588Kb, max_used=20683Kb, free=225169Kb
 total_blobs=7933, nmethods=7212, adapters=627, full_count=0
Compilation: enabled, stopped_count=0, restarted_count=0

Compilation events (20 events):
Event: 36.587 Thread 0x000001b237d6a220 nmethod 7749 0x000001b225381810 code [0x000001b2253819e0, 0x000001b225381d80]
Event: 36.595 Thread 0x000001b237d6a220 7750       3       java.util.concurrent.ForkJoinTask::<init> (5 bytes)
Event: 36.595 Thread 0x000001b237d6a220 nmethod 7750 0x000001b225381e10 code [0x000001b225381fc0, 0x000001b225382128]
Event: 36.606 Thread 0x000001b237d6a220 7751       1       com.sun.jna.internal.Cleaner$CleanerRef::getNext (5 bytes)
Event: 36.606 Thread 0x000001b237d6a220 nmethod 7751 0x000001b22c388010 code [0x000001b22c3881a0, 0x000001b22c388268]
Event: 36.608 Thread 0x000001b237d6a220 7752       3       org.eclipse.core.internal.resources.Project::getProject (2 bytes)
Event: 36.608 Thread 0x000001b237d6a220 nmethod 7752 0x000001b225382210 code [0x000001b2253823a0, 0x000001b2253824b0]
Event: 36.608 Thread 0x000001b237d6a220 7753       3       org.eclipse.core.runtime.Path::toFile (12 bytes)
Event: 36.608 Thread 0x000001b237d6a220 nmethod 7753 0x000001b225382590 code [0x000001b225382740, 0x000001b225382928]
Event: 36.610 Thread 0x000001b237d6a220 7754       3       com.sun.org.apache.xerces.internal.impl.XMLEntityManager::getFeatureDefault (36 bytes)
Event: 36.611 Thread 0x000001b237d6a220 nmethod 7754 0x000001b225382a10 code [0x000001b225382be0, 0x000001b225382e70]
Event: 36.612 Thread 0x000001b237d6a220 7755       1       org.eclipse.core.internal.jobs.InternalJob::getRule (5 bytes)
Event: 36.612 Thread 0x000001b237d6a220 nmethod 7755 0x000001b22c388310 code [0x000001b22c3884a0, 0x000001b22c388568]
Event: 36.612 Thread 0x000001b237d6a220 7756       3       com.google.gson.internal.reflect.ReflectionHelper::isAnonymousOrNonStaticLocal (27 bytes)
Event: 36.613 Thread 0x000001b237d6a220 nmethod 7756 0x000001b225382f90 code [0x000001b225383200, 0x000001b225383a78]
Event: 36.616 Thread 0x000001b237d6a220 7757       3       org.eclipse.core.runtime.PlatformObject::<init> (5 bytes)
Event: 36.616 Thread 0x000001b237d6a220 nmethod 7757 0x000001b225383d10 code [0x000001b225383ec0, 0x000001b225384028]
Event: 36.616 Thread 0x000001b237d6a220 7758       3       java.nio.HeapByteBuffer::<init> (21 bytes)
Event: 36.617 Thread 0x000001b237d6a220 nmethod 7758 0x000001b225384110 code [0x000001b2253842c0, 0x000001b2253844d8]
Event: 36.641 Thread 0x000001b237d6a220 7760       1       org.eclipse.core.runtime.Status::getSeverity (5 bytes)

GC Heap History (20 events):
Event: 33.070 GC heap after
{Heap after GC invocations=17 (full 2):
 PSYoungGen      total 24064K, used 2000K [0x00000000d5580000, 0x00000000d7180000, 0x0000000100000000)
  eden space 22016K, 0% used [0x00000000d5580000,0x00000000d5580000,0x00000000d6b00000)
  from space 2048K, 97% used [0x00000000d6d80000,0x00000000d6f74010,0x00000000d6f80000)
  to   space 2048K, 0% used [0x00000000d6f80000,0x00000000d6f80000,0x00000000d7180000)
 ParOldGen       total 68608K, used 19913K [0x0000000080000000, 0x0000000084300000, 0x00000000d5580000)
  object space 68608K, 29% used [0x0000000080000000,0x00000000813726f8,0x0000000084300000)
 Metaspace       used 38869K, committed 40064K, reserved 1114112K
  class space    used 4095K, committed 4608K, reserved 1048576K
}
Event: 33.400 GC heap before
{Heap before GC invocations=18 (full 2):
 PSYoungGen      total 24064K, used 24016K [0x00000000d5580000, 0x00000000d7180000, 0x0000000100000000)
  eden space 22016K, 100% used [0x00000000d5580000,0x00000000d6b00000,0x00000000d6b00000)
  from space 2048K, 97% used [0x00000000d6d80000,0x00000000d6f74010,0x00000000d6f80000)
  to   space 2048K, 0% used [0x00000000d6f80000,0x00000000d6f80000,0x00000000d7180000)
 ParOldGen       total 68608K, used 19913K [0x0000000080000000, 0x0000000084300000, 0x00000000d5580000)
  object space 68608K, 29% used [0x0000000080000000,0x00000000813726f8,0x0000000084300000)
 Metaspace       used 41111K, committed 42304K, reserved 1114112K
  class space    used 4362K, committed 4928K, reserved 1048576K
}
Event: 33.404 GC heap after
{Heap after GC invocations=18 (full 2):
 PSYoungGen      total 24064K, used 1554K [0x00000000d5580000, 0x00000000d7180000, 0x0000000100000000)
  eden space 22016K, 0% used [0x00000000d5580000,0x00000000d5580000,0x00000000d6b00000)
  from space 2048K, 75% used [0x00000000d6f80000,0x00000000d7104a80,0x00000000d7180000)
  to   space 2048K, 0% used [0x00000000d6d80000,0x00000000d6d80000,0x00000000d6f80000)
 ParOldGen       total 68608K, used 21648K [0x0000000080000000, 0x0000000084300000, 0x00000000d5580000)
  object space 68608K, 31% used [0x0000000080000000,0x0000000081524018,0x0000000084300000)
 Metaspace       used 41111K, committed 42304K, reserved 1114112K
  class space    used 4362K, committed 4928K, reserved 1048576K
}
Event: 33.630 GC heap before
{Heap before GC invocations=19 (full 2):
 PSYoungGen      total 24064K, used 23570K [0x00000000d5580000, 0x00000000d7180000, 0x0000000100000000)
  eden space 22016K, 100% used [0x00000000d5580000,0x00000000d6b00000,0x00000000d6b00000)
  from space 2048K, 75% used [0x00000000d6f80000,0x00000000d7104a80,0x00000000d7180000)
  to   space 2048K, 0% used [0x00000000d6d80000,0x00000000d6d80000,0x00000000d6f80000)
 ParOldGen       total 68608K, used 21648K [0x0000000080000000, 0x0000000084300000, 0x00000000d5580000)
  object space 68608K, 31% used [0x0000000080000000,0x0000000081524018,0x0000000084300000)
 Metaspace       used 43484K, committed 44608K, reserved 1114112K
  class space    used 4644K, committed 5120K, reserved 1048576K
}
Event: 33.634 GC heap after
{Heap after GC invocations=19 (full 2):
 PSYoungGen      total 23552K, used 1161K [0x00000000d5580000, 0x00000000d7000000, 0x0000000100000000)
  eden space 22016K, 0% used [0x00000000d5580000,0x00000000d5580000,0x00000000d6b00000)
  from space 1536K, 75% used [0x00000000d6d80000,0x00000000d6ea2460,0x00000000d6f00000)
  to   space 1024K, 0% used [0x00000000d6f00000,0x00000000d6f00000,0x00000000d7000000)
 ParOldGen       total 68608K, used 22937K [0x0000000080000000, 0x0000000084300000, 0x00000000d5580000)
  object space 68608K, 33% used [0x0000000080000000,0x0000000081666550,0x0000000084300000)
 Metaspace       used 43484K, committed 44608K, reserved 1114112K
  class space    used 4644K, committed 5120K, reserved 1048576K
}
Event: 33.848 GC heap before
{Heap before GC invocations=20 (full 2):
 PSYoungGen      total 23552K, used 23177K [0x00000000d5580000, 0x00000000d7000000, 0x0000000100000000)
  eden space 22016K, 100% used [0x00000000d5580000,0x00000000d6b00000,0x00000000d6b00000)
  from space 1536K, 75% used [0x00000000d6d80000,0x00000000d6ea2460,0x00000000d6f00000)
  to   space 1024K, 0% used [0x00000000d6f00000,0x00000000d6f00000,0x00000000d7000000)
 ParOldGen       total 68608K, used 22937K [0x0000000080000000, 0x0000000084300000, 0x00000000d5580000)
  object space 68608K, 33% used [0x0000000080000000,0x0000000081666550,0x0000000084300000)
 Metaspace       used 45773K, committed 47040K, reserved 1114112K
  class space    used 4956K, committed 5504K, reserved 1048576K
}
Event: 33.855 GC heap after
{Heap after GC invocations=20 (full 2):
 PSYoungGen      total 20992K, used 1005K [0x00000000d5580000, 0x00000000d7700000, 0x0000000100000000)
  eden space 19968K, 0% used [0x00000000d5580000,0x00000000d5580000,0x00000000d6900000)
  from space 1024K, 98% used [0x00000000d6f00000,0x00000000d6ffb750,0x00000000d7000000)
  to   space 6144K, 0% used [0x00000000d6900000,0x00000000d6900000,0x00000000d6f00000)
 ParOldGen       total 68608K, used 27260K [0x0000000080000000, 0x0000000084300000, 0x00000000d5580000)
  object space 68608K, 39% used [0x0000000080000000,0x0000000081a9f250,0x0000000084300000)
 Metaspace       used 45773K, committed 47040K, reserved 1114112K
  class space    used 4956K, committed 5504K, reserved 1048576K
}
Event: 34.032 GC heap before
{Heap before GC invocations=21 (full 2):
 PSYoungGen      total 20992K, used 20973K [0x00000000d5580000, 0x00000000d7700000, 0x0000000100000000)
  eden space 19968K, 100% used [0x00000000d5580000,0x00000000d6900000,0x00000000d6900000)
  from space 1024K, 98% used [0x00000000d6f00000,0x00000000d6ffb750,0x00000000d7000000)
  to   space 6144K, 0% used [0x00000000d6900000,0x00000000d6900000,0x00000000d6f00000)
 ParOldGen       total 68608K, used 27260K [0x0000000080000000, 0x0000000084300000, 0x00000000d5580000)
  object space 68608K, 39% used [0x0000000080000000,0x0000000081a9f250,0x0000000084300000)
 Metaspace       used 47116K, committed 48320K, reserved 1114112K
  class space    used 5127K, committed 5696K, reserved 1048576K
}
Event: 34.037 GC heap after
{Heap after GC invocations=21 (full 2):
 PSYoungGen      total 26112K, used 6114K [0x00000000d5580000, 0x00000000d7900000, 0x0000000100000000)
  eden space 19968K, 0% used [0x00000000d5580000,0x00000000d5580000,0x00000000d6900000)
  from space 6144K, 99% used [0x00000000d6900000,0x00000000d6ef88c8,0x00000000d6f00000)
  to   space 8192K, 0% used [0x00000000d7100000,0x00000000d7100000,0x00000000d7900000)
 ParOldGen       total 68608K, used 28444K [0x0000000080000000, 0x0000000084300000, 0x00000000d5580000)
  object space 68608K, 41% used [0x0000000080000000,0x0000000081bc73c8,0x0000000084300000)
 Metaspace       used 47116K, committed 48320K, reserved 1114112K
  class space    used 5127K, committed 5696K, reserved 1048576K
}
Event: 34.391 GC heap before
{Heap before GC invocations=22 (full 2):
 PSYoungGen      total 26112K, used 26082K [0x00000000d5580000, 0x00000000d7900000, 0x0000000100000000)
  eden space 19968K, 100% used [0x00000000d5580000,0x00000000d6900000,0x00000000d6900000)
  from space 6144K, 99% used [0x00000000d6900000,0x00000000d6ef88c8,0x00000000d6f00000)
  to   space 8192K, 0% used [0x00000000d7100000,0x00000000d7100000,0x00000000d7900000)
 ParOldGen       total 68608K, used 28444K [0x0000000080000000, 0x0000000084300000, 0x00000000d5580000)
  object space 68608K, 41% used [0x0000000080000000,0x0000000081bc73c8,0x0000000084300000)
 Metaspace       used 49282K, committed 50560K, reserved 1114112K
  class space    used 5440K, committed 6016K, reserved 1048576K
}
Event: 34.398 GC heap after
{Heap after GC invocations=22 (full 2):
 PSYoungGen      total 22528K, used 2304K [0x00000000d5580000, 0x00000000d7380000, 0x0000000100000000)
  eden space 19968K, 0% used [0x00000000d5580000,0x00000000d5580000,0x00000000d6900000)
  from space 2560K, 90% used [0x00000000d7100000,0x00000000d7340000,0x00000000d7380000)
  to   space 4608K, 0% used [0x00000000d6a80000,0x00000000d6a80000,0x00000000d6f00000)
 ParOldGen       total 68608K, used 34530K [0x0000000080000000, 0x0000000084300000, 0x00000000d5580000)
  object space 68608K, 50% used [0x0000000080000000,0x00000000821b88a0,0x0000000084300000)
 Metaspace       used 49282K, committed 50560K, reserved 1114112K
  class space    used 5440K, committed 6016K, reserved 1048576K
}
Event: 35.008 GC heap before
{Heap before GC invocations=23 (full 2):
 PSYoungGen      total 22528K, used 22271K [0x00000000d5580000, 0x00000000d7380000, 0x0000000100000000)
  eden space 19968K, 99% used [0x00000000d5580000,0x00000000d68ffff0,0x00000000d6900000)
  from space 2560K, 90% used [0x00000000d7100000,0x00000000d7340000,0x00000000d7380000)
  to   space 4608K, 0% used [0x00000000d6a80000,0x00000000d6a80000,0x00000000d6f00000)
 ParOldGen       total 68608K, used 34530K [0x0000000080000000, 0x0000000084300000, 0x00000000d5580000)
  object space 68608K, 50% used [0x0000000080000000,0x00000000821b88a0,0x0000000084300000)
 Metaspace       used 51479K, committed 52736K, reserved 1114112K
  class space    used 5682K, committed 6272K, reserved 1048576K
}
Event: 35.012 GC heap after
{Heap after GC invocations=23 (full 2):
 PSYoungGen      total 24576K, used 1243K [0x00000000d5580000, 0x00000000d7180000, 0x0000000100000000)
  eden space 19968K, 0% used [0x00000000d5580000,0x00000000d5580000,0x00000000d6900000)
  from space 4608K, 26% used [0x00000000d6a80000,0x00000000d6bb6ea8,0x00000000d6f00000)
  to   space 2048K, 0% used [0x00000000d6f80000,0x00000000d6f80000,0x00000000d7180000)
 ParOldGen       total 68608K, used 36678K [0x0000000080000000, 0x0000000084300000, 0x00000000d5580000)
  object space 68608K, 53% used [0x0000000080000000,0x00000000823d1938,0x0000000084300000)
 Metaspace       used 51479K, committed 52736K, reserved 1114112K
  class space    used 5682K, committed 6272K, reserved 1048576K
}
Event: 35.713 GC heap before
{Heap before GC invocations=24 (full 2):
 PSYoungGen      total 24576K, used 21211K [0x00000000d5580000, 0x00000000d7180000, 0x0000000100000000)
  eden space 19968K, 100% used [0x00000000d5580000,0x00000000d6900000,0x00000000d6900000)
  from space 4608K, 26% used [0x00000000d6a80000,0x00000000d6bb6ea8,0x00000000d6f00000)
  to   space 2048K, 0% used [0x00000000d6f80000,0x00000000d6f80000,0x00000000d7180000)
 ParOldGen       total 68608K, used 36678K [0x0000000080000000, 0x0000000084300000, 0x00000000d5580000)
  object space 68608K, 53% used [0x0000000080000000,0x00000000823d1938,0x0000000084300000)
 Metaspace       used 51558K, committed 52864K, reserved 1114112K
  class space    used 5690K, committed 6272K, reserved 1048576K
}
Event: 35.715 GC heap after
{Heap after GC invocations=24 (full 2):
 PSYoungGen      total 20480K, used 317K [0x00000000d5580000, 0x00000000d7000000, 0x0000000100000000)
  eden space 19968K, 0% used [0x00000000d5580000,0x00000000d5580000,0x00000000d6900000)
  from space 512K, 62% used [0x00000000d6f80000,0x00000000d6fcf600,0x00000000d7000000)
  to   space 1024K, 0% used [0x00000000d6e00000,0x00000000d6e00000,0x00000000d6f00000)
 ParOldGen       total 68608K, used 37733K [0x0000000080000000, 0x0000000084300000, 0x00000000d5580000)
  object space 68608K, 54% used [0x0000000080000000,0x00000000824d9668,0x0000000084300000)
 Metaspace       used 51558K, committed 52864K, reserved 1114112K
  class space    used 5690K, committed 6272K, reserved 1048576K
}
Event: 36.059 GC heap before
{Heap before GC invocations=25 (full 2):
 PSYoungGen      total 20480K, used 20285K [0x00000000d5580000, 0x00000000d7000000, 0x0000000100000000)
  eden space 19968K, 100% used [0x00000000d5580000,0x00000000d6900000,0x00000000d6900000)
  from space 512K, 62% used [0x00000000d6f80000,0x00000000d6fcf600,0x00000000d7000000)
  to   space 1024K, 0% used [0x00000000d6e00000,0x00000000d6e00000,0x00000000d6f00000)
 ParOldGen       total 68608K, used 37733K [0x0000000080000000, 0x0000000084300000, 0x00000000d5580000)
  object space 68608K, 54% used [0x0000000080000000,0x00000000824d9668,0x0000000084300000)
 Metaspace       used 51916K, committed 53184K, reserved 1114112K
  class space    used 5726K, committed 6272K, reserved 1048576K
}
Event: 36.060 GC heap after
{Heap after GC invocations=25 (full 2):
 PSYoungGen      total 20992K, used 704K [0x00000000d5580000, 0x00000000d7000000, 0x0000000100000000)
  eden space 19968K, 0% used [0x00000000d5580000,0x00000000d5580000,0x00000000d6900000)
  from space 1024K, 68% used [0x00000000d6e00000,0x00000000d6eb0000,0x00000000d6f00000)
  to   space 1024K, 0% used [0x00000000d6f00000,0x00000000d6f00000,0x00000000d7000000)
 ParOldGen       total 68608K, used 37821K [0x0000000080000000, 0x0000000084300000, 0x00000000d5580000)
  object space 68608K, 55% used [0x0000000080000000,0x00000000824ef668,0x0000000084300000)
 Metaspace       used 51916K, committed 53184K, reserved 1114112K
  class space    used 5726K, committed 6272K, reserved 1048576K
}
Event: 36.473 GC heap before
{Heap before GC invocations=26 (full 2):
 PSYoungGen      total 20992K, used 20672K [0x00000000d5580000, 0x00000000d7000000, 0x0000000100000000)
  eden space 19968K, 100% used [0x00000000d5580000,0x00000000d6900000,0x00000000d6900000)
  from space 1024K, 68% used [0x00000000d6e00000,0x00000000d6eb0000,0x00000000d6f00000)
  to   space 1024K, 0% used [0x00000000d6f00000,0x00000000d6f00000,0x00000000d7000000)
 ParOldGen       total 68608K, used 37821K [0x0000000080000000, 0x0000000084300000, 0x00000000d5580000)
  object space 68608K, 55% used [0x0000000080000000,0x00000000824ef668,0x0000000084300000)
 Metaspace       used 53493K, committed 54848K, reserved 1114112K
  class space    used 5864K, committed 6400K, reserved 1048576K
}
Event: 36.476 GC heap after
{Heap after GC invocations=26 (full 2):
 PSYoungGen      total 20992K, used 1016K [0x00000000d5580000, 0x00000000d7000000, 0x0000000100000000)
  eden space 19968K, 0% used [0x00000000d5580000,0x00000000d5580000,0x00000000d6900000)
  from space 1024K, 99% used [0x00000000d6f00000,0x00000000d6ffe1c8,0x00000000d7000000)
  to   space 2048K, 0% used [0x00000000d6c00000,0x00000000d6c00000,0x00000000d6e00000)
 ParOldGen       total 68608K, used 38604K [0x0000000080000000, 0x0000000084300000, 0x00000000d5580000)
  object space 68608K, 56% used [0x0000000080000000,0x00000000825b31e8,0x0000000084300000)
 Metaspace       used 53493K, committed 54848K, reserved 1114112K
  class space    used 5864K, committed 6400K, reserved 1048576K
}
Event: 36.651 GC heap before
{Heap before GC invocations=27 (full 2):
 PSYoungGen      total 20992K, used 20984K [0x00000000d5580000, 0x00000000d7000000, 0x0000000100000000)
  eden space 19968K, 100% used [0x00000000d5580000,0x00000000d6900000,0x00000000d6900000)
  from space 1024K, 99% used [0x00000000d6f00000,0x00000000d6ffe1c8,0x00000000d7000000)
  to   space 2048K, 0% used [0x00000000d6c00000,0x00000000d6c00000,0x00000000d6e00000)
 ParOldGen       total 68608K, used 38604K [0x0000000080000000, 0x0000000084300000, 0x00000000d5580000)
  object space 68608K, 56% used [0x0000000080000000,0x00000000825b31e8,0x0000000084300000)
 Metaspace       used 53834K, committed 55232K, reserved 1114112K
  class space    used 5904K, committed 6464K, reserved 1048576K
}

Dll operation events (12 events):
Event: 0.024 Loaded shared library c:\Users\osarodions\.vscode\extensions\redhat.java-1.53.0-win32-x64\jre\21.0.10-win32-x86_64\bin\java.dll
Event: 0.196 Loaded shared library c:\Users\osarodions\.vscode\extensions\redhat.java-1.53.0-win32-x64\jre\21.0.10-win32-x86_64\bin\zip.dll
Event: 0.263 Loaded shared library C:\Users\osarodions\.vscode\extensions\redhat.java-1.53.0-win32-x64\jre\21.0.10-win32-x86_64\bin\instrument.dll
Event: 0.466 Loaded shared library C:\Users\osarodions\.vscode\extensions\redhat.java-1.53.0-win32-x64\jre\21.0.10-win32-x86_64\bin\net.dll
Event: 0.577 Loaded shared library C:\Users\osarodions\.vscode\extensions\redhat.java-1.53.0-win32-x64\jre\21.0.10-win32-x86_64\bin\nio.dll
Event: 0.581 Loaded shared library C:\Users\osarodions\.vscode\extensions\redhat.java-1.53.0-win32-x64\jre\21.0.10-win32-x86_64\bin\zip.dll
Event: 0.687 Loaded shared library C:\Users\osarodions\.vscode\extensions\redhat.java-1.53.0-win32-x64\jre\21.0.10-win32-x86_64\bin\jimage.dll
Event: 0.918 Loaded shared library c:\Users\osarodions\.vscode\extensions\redhat.java-1.53.0-win32-x64\jre\21.0.10-win32-x86_64\bin\verify.dll
Event: 13.666 Loaded shared library C:\Users\osarodions\AppData\Roaming\Code\User\globalStorage\redhat.java\1.53.0\config_win\org.eclipse.equinox.launcher\org.eclipse.equinox.launcher.win32.win32.x86_64_1.3.0.v20260203-2149\eclipse_11919.dll
Event: 28.402 Loaded shared library C:\Users\osarodions\AppData\Local\Temp\jna-881512981\jna13226571877444599.dll
Event: 31.834 Loaded shared library C:\Users\osarodions\.vscode\extensions\redhat.java-1.53.0-win32-x64\jre\21.0.10-win32-x86_64\bin\sunmscapi.dll
Event: 33.551 Loaded shared library C:\Users\osarodions\.vscode\extensions\redhat.java-1.53.0-win32-x64\jre\21.0.10-win32-x86_64\bin\extnet.dll

Deoptimization events (20 events):
Event: 36.477 Thread 0x000001b27f3dfdb0 Uncommon trap: trap_request=0xffffffc6 fr.pc=0x000001b22c37c710 relative=0x0000000000000530
Event: 36.477 Thread 0x000001b27f3dfdb0 Uncommon trap: reason=bimorphic_or_optimized_type_check action=maybe_recompile pc=0x000001b22c37c710 method=jdk.internal.jimage.ImageReader$SharedImageReader.findNode(Ljava/lang/String;)Ljdk/internal/jimage/ImageReader$Node; @ 22 c2
Event: 36.477 Thread 0x000001b27f3dfdb0 DEOPT PACKING pc=0x000001b22c37c710 sp=0x00000081dc8fdaa0
Event: 36.477 Thread 0x000001b27f3dfdb0 DEOPT UNPACKING pc=0x000001b22ba53aa2 sp=0x00000081dc8fd6a8 mode 2
Event: 36.477 Thread 0x000001b27f3dfdb0 Uncommon trap: trap_request=0xffffffc6 fr.pc=0x000001b22c37c710 relative=0x0000000000000530
Event: 36.477 Thread 0x000001b27f3dfdb0 Uncommon trap: reason=bimorphic_or_optimized_type_check action=maybe_recompile pc=0x000001b22c37c710 method=jdk.internal.jimage.ImageReader$SharedImageReader.findNode(Ljava/lang/String;)Ljdk/internal/jimage/ImageReader$Node; @ 22 c2
Event: 36.477 Thread 0x000001b27f3dfdb0 DEOPT PACKING pc=0x000001b22c37c710 sp=0x00000081dc8fdaa0
Event: 36.477 Thread 0x000001b27f3dfdb0 DEOPT UNPACKING pc=0x000001b22ba53aa2 sp=0x00000081dc8fd6a8 mode 2
Event: 36.478 Thread 0x000001b27f3dfdb0 Uncommon trap: trap_request=0xffffffc6 fr.pc=0x000001b22c37c710 relative=0x0000000000000530
Event: 36.478 Thread 0x000001b27f3dfdb0 Uncommon trap: reason=bimorphic_or_optimized_type_check action=maybe_recompile pc=0x000001b22c37c710 method=jdk.internal.jimage.ImageReader$SharedImageReader.findNode(Ljava/lang/String;)Ljdk/internal/jimage/ImageReader$Node; @ 22 c2
Event: 36.478 Thread 0x000001b27f3dfdb0 DEOPT PACKING pc=0x000001b22c37c710 sp=0x00000081dc8fdaa0
Event: 36.478 Thread 0x000001b27f3dfdb0 DEOPT UNPACKING pc=0x000001b22ba53aa2 sp=0x00000081dc8fd6a8 mode 2
Event: 36.514 Thread 0x000001b202a9f940 Uncommon trap: trap_request=0xffffffde fr.pc=0x000001b22c12a6a0 relative=0x0000000000000ba0
Event: 36.515 Thread 0x000001b202a9f940 Uncommon trap: reason=class_check action=maybe_recompile pc=0x000001b22c12a6a0 method=java.util.concurrent.ConcurrentHashMap.putVal(Ljava/lang/Object;Ljava/lang/Object;Z)Ljava/lang/Object; @ 242 c2
Event: 36.515 Thread 0x000001b202a9f940 DEOPT PACKING pc=0x000001b22c12a6a0 sp=0x00000081dd1fe2c0
Event: 36.516 Thread 0x000001b202a9f940 DEOPT UNPACKING pc=0x000001b22ba53aa2 sp=0x00000081dd1fe250 mode 2
Event: 36.520 Thread 0x000001b202a9f2b0 Uncommon trap: trap_request=0xffffff45 fr.pc=0x000001b22c1ddccc relative=0x000000000000028c
Event: 36.520 Thread 0x000001b202a9f2b0 Uncommon trap: reason=unstable_if action=reinterpret pc=0x000001b22c1ddccc method=org.eclipse.osgi.internal.framework.BundleContextImpl.setContextFinder()Ljava/lang/Object; @ 36 c2
Event: 36.520 Thread 0x000001b202a9f2b0 DEOPT PACKING pc=0x000001b22c1ddccc sp=0x00000081dcffdb90
Event: 36.521 Thread 0x000001b202a9f2b0 DEOPT UNPACKING pc=0x000001b22ba53aa2 sp=0x00000081dcffdb40 mode 2

Classes loaded (20 events):
Event: 36.292 Loading class java/nio/file/ClosedDirectoryStreamException
Event: 36.292 Loading class java/nio/file/ClosedDirectoryStreamException done
Event: 36.292 Loading class jdk/internal/jrtfs/JrtFileSystem
Event: 36.294 Loading class jdk/internal/jrtfs/JrtFileSystem done
Event: 36.294 Loading class jdk/internal/jrtfs/JrtPath
Event: 36.295 Loading class jdk/internal/jrtfs/JrtPath done
Event: 36.295 Loading class jdk/internal/jimage/ImageReader$Node
Event: 36.295 Loading class jdk/internal/jimage/ImageReader$Node done
Event: 36.306 Loading class java/nio/ByteBufferAsIntBufferL
Event: 36.306 Loading class java/nio/ByteBufferAsIntBufferL done
Event: 36.322 Loading class jdk/internal/jimage/ImageReader$Directory
Event: 36.322 Loading class jdk/internal/jimage/ImageReader$Directory done
Event: 36.481 Loading class java/util/concurrent/CompletableFuture$UniApply
Event: 36.481 Loading class java/util/concurrent/CompletableFuture$UniCompletion
Event: 36.481 Loading class java/util/concurrent/CompletableFuture$UniCompletion done
Event: 36.481 Loading class java/util/concurrent/CompletableFuture$UniApply done
Event: 36.482 Loading class java/util/concurrent/CompletableFuture$UniAccept
Event: 36.482 Loading class java/util/concurrent/CompletableFuture$UniAccept done
Event: 36.482 Loading class java/util/concurrent/CompletableFuture$UniExceptionally
Event: 36.482 Loading class java/util/concurrent/CompletableFuture$UniExceptionally done

Classes unloaded (7 events):
Event: 29.575 Thread 0x000001b237d428c0 Unloading class 0x000001b2391aac00 'java/lang/invoke/LambdaForm$MH+0x000001b2391aac00'
Event: 29.575 Thread 0x000001b237d428c0 Unloading class 0x000001b2391aa800 'java/lang/invoke/LambdaForm$MH+0x000001b2391aa800'
Event: 29.575 Thread 0x000001b237d428c0 Unloading class 0x000001b2391aa400 'java/lang/invoke/LambdaForm$MH+0x000001b2391aa400'
Event: 29.575 Thread 0x000001b237d428c0 Unloading class 0x000001b2391aa000 'java/lang/invoke/LambdaForm$MH+0x000001b2391aa000'
Event: 29.575 Thread 0x000001b237d428c0 Unloading class 0x000001b2391a9c00 'java/lang/invoke/LambdaForm$BMH+0x000001b2391a9c00'
Event: 29.575 Thread 0x000001b237d428c0 Unloading class 0x000001b2391a9800 'java/lang/invoke/LambdaForm$DMH+0x000001b2391a9800'
Event: 29.575 Thread 0x000001b237d428c0 Unloading class 0x000001b2391a8400 'java/lang/invoke/LambdaForm$DMH+0x000001b2391a8400'

Classes redefined (0 events):
No events

Internal exceptions (20 events):
Event: 36.068 Thread 0x000001b202a9ffd0 Exception <a 'sun/nio/fs/WindowsException'{0x00000000d55fa4b8}> (0x00000000d55fa4b8) 
thrown [s\src\hotspot\share\prims\jni.cpp, line 520]
Event: 36.068 Thread 0x000001b202a9ffd0 Exception <a 'sun/nio/fs/WindowsException'{0x00000000d55faae8}> (0x00000000d55faae8) 
thrown [s\src\hotspot\share\prims\jni.cpp, line 520]
Event: 36.069 Thread 0x000001b202a9ffd0 Exception <a 'sun/nio/fs/WindowsException'{0x00000000d55fdb50}> (0x00000000d55fdb50) 
thrown [s\src\hotspot\share\prims\jni.cpp, line 520]
Event: 36.069 Thread 0x000001b202a9ffd0 Exception <a 'sun/nio/fs/WindowsException'{0x00000000d55fe180}> (0x00000000d55fe180) 
thrown [s\src\hotspot\share\prims\jni.cpp, line 520]
Event: 36.070 Thread 0x000001b202a9ffd0 Exception <a 'sun/nio/fs/WindowsException'{0x00000000d56210d8}> (0x00000000d56210d8) 
thrown [s\src\hotspot\share\prims\jni.cpp, line 520]
Event: 36.070 Thread 0x000001b202a9ffd0 Exception <a 'sun/nio/fs/WindowsException'{0x00000000d56217f0}> (0x00000000d56217f0) 
thrown [s\src\hotspot\share\prims\jni.cpp, line 520]
Event: 36.071 Thread 0x000001b202a9ffd0 Exception <a 'sun/nio/fs/WindowsException'{0x00000000d5622650}> (0x00000000d5622650) 
thrown [s\src\hotspot\share\prims\jni.cpp, line 520]
Event: 36.071 Thread 0x000001b202a9ffd0 Exception <a 'sun/nio/fs/WindowsException'{0x00000000d5622d68}> (0x00000000d5622d68) 
thrown [s\src\hotspot\share\prims\jni.cpp, line 520]
Event: 36.208 Thread 0x000001b202aa20a0 Implicit null exception at 0x000001b22c258a62 to 0x000001b22c25981c
Event: 36.214 Thread 0x000001b27f3dfdb0 Exception <a 'java/io/FileNotFoundException'{0x00000000d5e5e930}> (0x00000000d5e5e930) 
thrown [s\src\hotspot\share\prims\jni.cpp, line 520]
Event: 36.214 Thread 0x000001b27f3dfdb0 Exception <a 'java/io/FileNotFoundException'{0x00000000d5e5fbd0}> (0x00000000d5e5fbd0) 
thrown [s\src\hotspot\share\prims\jni.cpp, line 520]
Event: 36.214 Thread 0x000001b27f3dfdb0 Exception <a 'java/io/FileNotFoundException'{0x00000000d5e60bc8}> (0x00000000d5e60bc8) 
thrown [s\src\hotspot\share\prims\jni.cpp, line 520]
Event: 36.235 Thread 0x000001b27f3dfdb0 Exception <a 'sun/nio/fs/WindowsException'{0x00000000d5f746c8}> (0x00000000d5f746c8) 
thrown [s\src\hotspot\share\prims\jni.cpp, line 520]
Event: 36.235 Thread 0x000001b27f3dfdb0 Exception <a 'sun/nio/fs/WindowsException'{0x00000000d5f74cf8}> (0x00000000d5f74cf8) 
thrown [s\src\hotspot\share\prims\jni.cpp, line 520]
Event: 36.236 Thread 0x000001b27f3dfdb0 Exception <a 'sun/nio/fs/WindowsException'{0x00000000d5f75c98}> (0x00000000d5f75c98) 
thrown [s\src\hotspot\share\prims\jni.cpp, line 520]
Event: 36.236 Thread 0x000001b27f3dfdb0 Exception <a 'sun/nio/fs/WindowsException'{0x00000000d5f762c8}> (0x00000000d5f762c8) 
thrown [s\src\hotspot\share\prims\jni.cpp, line 520]
Event: 36.283 Thread 0x000001b27f3dfdb0 Implicit null exception at 0x000001b22c2c7a20 to 0x000001b22c2c7ca8
Event: 36.284 Thread 0x000001b27f3dfdb0 Exception <a 'java/lang/NoSuchMethodError'{0x00000000d618f468}: 'java.lang.Object java.lang.invoke.DelegatingMethodHandle$Holder.reinvoke_L(java.lang.Object, int, long, java.lang.Object, java.lang.Object, int, java.lang.Object)'> (0x00000000d618f468) 
thrown [s\src\hotspot\share\interpreter\linkResolver.cpp, line 773]
Event: 36.477 Thread 0x000001b202a9ffd0 Exception <a 'java/lang/IncompatibleClassChangeError'{0x00000000d55e29a8}: Found class java.lang.Object, but interface was expected> (0x00000000d55e29a8) 
thrown [s\src\hotspot\share\interpreter\linkResolver.cpp, line 840]
Event: 36.605 Thread 0x000001b203221670 Exception <a 'java/lang/NoSuchMethodError'{0x00000000d64079e8}: 'java.lang.Object java.lang.invoke.DirectMethodHandle$Holder.invokeStaticInit(java.lang.Object, java.lang.Object, java.lang.Object)'> (0x00000000d64079e8) 
thrown [s\src\hotspot\share\interpreter\linkResolver.cpp, line 773]

ZGC Phase Switch (0 events):
No events

VM Operations (20 events):
Event: 36.106 Executing non-safepoint VM operation: HandshakeAllThreads (Deoptimize) done
Event: 36.253 Executing non-safepoint VM operation: HandshakeAllThreads (Deoptimize)
Event: 36.253 Executing non-safepoint VM operation: HandshakeAllThreads (Deoptimize) done
Event: 36.254 Executing non-safepoint VM operation: HandshakeAllThreads (Deoptimize)
Event: 36.254 Executing non-safepoint VM operation: HandshakeAllThreads (Deoptimize) done
Event: 36.266 Executing non-safepoint VM operation: HandshakeAllThreads (Deoptimize)
Event: 36.266 Executing non-safepoint VM operation: HandshakeAllThreads (Deoptimize) done
Event: 36.269 Executing non-safepoint VM operation: HandshakeAllThreads (Deoptimize)
Event: 36.269 Executing non-safepoint VM operation: HandshakeAllThreads (Deoptimize) done
Event: 36.292 Executing non-safepoint VM operation: HandshakeAllThreads (Deoptimize)
Event: 36.292 Executing non-safepoint VM operation: HandshakeAllThreads (Deoptimize) done
Event: 36.308 Executing non-safepoint VM operation: HandshakeAllThreads (Deoptimize)
Event: 36.309 Executing non-safepoint VM operation: HandshakeAllThreads (Deoptimize) done
Event: 36.311 Executing non-safepoint VM operation: HandshakeAllThreads (Deoptimize)
Event: 36.311 Executing non-safepoint VM operation: HandshakeAllThreads (Deoptimize) done
Event: 36.378 Executing non-safepoint VM operation: HandshakeAllThreads (Deoptimize)
Event: 36.378 Executing non-safepoint VM operation: HandshakeAllThreads (Deoptimize) done
Event: 36.473 Executing safepoint VM operation: ParallelGCFailedAllocation (Allocation Failure)
Event: 36.476 Executing safepoint VM operation: ParallelGCFailedAllocation (Allocation Failure) done
Event: 36.651 Executing safepoint VM operation: ParallelGCFailedAllocation (Allocation Failure)

Memory protections (0 events):
No events

Nmethod flushes (20 events):
Event: 32.222 Thread 0x000001b237d428c0 flushing  nmethod 0x000001b224b13c10
Event: 32.222 Thread 0x000001b237d428c0 flushing  nmethod 0x000001b224b14510
Event: 32.222 Thread 0x000001b237d428c0 flushing  nmethod 0x000001b224b15710
Event: 32.222 Thread 0x000001b237d428c0 flushing  nmethod 0x000001b224b16390
Event: 32.222 Thread 0x000001b237d428c0 flushing  nmethod 0x000001b224b16b10
Event: 32.222 Thread 0x000001b237d428c0 flushing  nmethod 0x000001b224b18090
Event: 32.222 Thread 0x000001b237d428c0 flushing  nmethod 0x000001b224b18590
Event: 32.222 Thread 0x000001b237d428c0 flushing  nmethod 0x000001b224b19290
Event: 32.222 Thread 0x000001b237d428c0 flushing  nmethod 0x000001b224b19f90
Event: 32.222 Thread 0x000001b237d428c0 flushing  nmethod 0x000001b224b1b190
Event: 32.222 Thread 0x000001b237d428c0 flushing  nmethod 0x000001b224b27690
Event: 32.222 Thread 0x000001b237d428c0 flushing  nmethod 0x000001b224b54c10
Event: 32.222 Thread 0x000001b237d428c0 flushing  nmethod 0x000001b224b58790
Event: 32.222 Thread 0x000001b237d428c0 flushing  nmethod 0x000001b224b5e310
Event: 32.222 Thread 0x000001b237d428c0 flushing  nmethod 0x000001b224b6cb90
Event: 32.222 Thread 0x000001b237d428c0 flushing  nmethod 0x000001b224bdfa90
Event: 32.222 Thread 0x000001b237d428c0 flushing  nmethod 0x000001b224c02810
Event: 32.222 Thread 0x000001b237d428c0 flushing  nmethod 0x000001b224c28710
Event: 32.222 Thread 0x000001b237d428c0 flushing  nmethod 0x000001b224c28b90
Event: 32.222 Thread 0x000001b237d428c0 flushing  nmethod 0x000001b224c41c10

Events (20 events):
Event: 31.758 Thread 0x000001b2212e2640 Thread added: 0x000001b27f3de370
Event: 31.765 Thread 0x000001b2212e2640 Thread added: 0x000001b27f3df090
Event: 31.768 Thread 0x000001b2212e2640 Thread added: 0x000001b27f3dea00
Event: 31.771 Thread 0x000001b2212e2640 Thread added: 0x000001b27f3e0440
Event: 31.775 Thread 0x000001b2212e2640 Thread added: 0x000001b27f3e0ad0
Event: 31.776 Thread 0x000001b2212e2640 Thread added: 0x000001b27f3df720
Event: 31.784 Thread 0x000001b27f3db580 Thread added: 0x000001b27f3dfdb0
Event: 31.982 Thread 0x000001b2212e2640 Thread added: 0x000001b202aa1380
Event: 32.893 Thread 0x000001b2212e2640 Thread added: 0x000001b202aa2730
Event: 32.893 Thread 0x000001b2212e2640 Thread added: 0x000001b202a9ffd0
Event: 33.803 Thread 0x000001b27f3dd650 Thread added: 0x000001b202aa1a10
Event: 33.804 Thread 0x000001b27f3dd650 Thread added: 0x000001b202aa20a0
Event: 33.804 Thread 0x000001b202aa1a10 Thread added: 0x000001b202a9f2b0
Event: 33.805 Thread 0x000001b202a9f2b0 Thread added: 0x000001b202aa0cf0
Event: 33.805 Thread 0x000001b202aa20a0 Thread added: 0x000001b202a9f940
Event: 33.809 Thread 0x000001b202a9f940 Thread added: 0x000001b203223740
Event: 33.810 Thread 0x000001b202aa0cf0 Thread added: 0x000001b203221670
Event: 34.084 Thread 0x000001b27f3dcfc0 Thread added: 0x000001b203221d00
Event: 34.085 Thread 0x000001b203221d00 Thread exited: 0x000001b203221d00
Event: 34.229 Thread 0x000001b27f3dcfc0 Thread added: 0x000001b2032202c0


Dynamic libraries:
0x00007ff755130000 - 0x00007ff75513e000 	c:\Users\osarodions\.vscode\extensions\redhat.java-1.53.0-win32-x64\jre\21.0.10-win32-x86_64\bin\java.exe
0x00007ffbd41e0000 - 0x00007ffbd4447000 	C:\WINDOWS\SYSTEM32\ntdll.dll
0x00007ffbd32d0000 - 0x00007ffbd3399000 	C:\WINDOWS\System32\KERNEL32.DLL
0x00007ffbd0ce0000 - 0x00007ffbd10d1000 	C:\WINDOWS\System32\KERNELBASE.dll
0x00007ffbca440000 - 0x00007ffbca4df000 	C:\WINDOWS\SYSTEM32\apphelp.dll
0x00007ffbd1cc0000 - 0x00007ffbd1e0b000 	C:\WINDOWS\System32\ucrtbase.dll
0x00007ffbbb250000 - 0x00007ffbbb268000 	c:\Users\osarodions\.vscode\extensions\redhat.java-1.53.0-win32-x64\jre\21.0.10-win32-x86_64\bin\jli.dll
0x00007ffbd2050000 - 0x00007ffbd2215000 	C:\WINDOWS\System32\USER32.dll
0x00007ffbd12f0000 - 0x00007ffbd1317000 	C:\WINDOWS\System32\win32u.dll
0x00007ffbd3550000 - 0x00007ffbd357b000 	C:\WINDOWS\System32\GDI32.dll
0x00007ffbd1320000 - 0x00007ffbd144b000 	C:\WINDOWS\System32\gdi32full.dll
0x00007ffbd0c30000 - 0x00007ffbd0cd3000 	C:\WINDOWS\System32\msvcp_win.dll
0x00007ffbbb2c0000 - 0x00007ffbbb2de000 	c:\Users\osarodions\.vscode\extensions\redhat.java-1.53.0-win32-x64\jre\21.0.10-win32-x86_64\bin\VCRUNTIME140.dll
0x00007ffbb2ea0000 - 0x00007ffbb3133000 	C:\WINDOWS\WinSxS\amd64_microsoft.windows.common-controls_6595b64144ccf1df_6.0.26100.8037_none_3e092faae333b53b\COMCTL32.dll
0x00007ffbd35f0000 - 0x00007ffbd3699000 	C:\WINDOWS\System32\msvcrt.dll
0x00007ffbd3850000 - 0x00007ffbd3881000 	C:\WINDOWS\System32\IMM32.DLL
0x00007ffbbc290000 - 0x00007ffbbc29c000 	c:\Users\osarodions\.vscode\extensions\redhat.java-1.53.0-win32-x64\jre\21.0.10-win32-x86_64\bin\vcruntime140_1.dll
0x00007ffb865d0000 - 0x00007ffb8665d000 	c:\Users\osarodions\.vscode\extensions\redhat.java-1.53.0-win32-x64\jre\21.0.10-win32-x86_64\bin\msvcp140.dll
0x00007ffaf8120000 - 0x00007ffaf8ec1000 	c:\Users\osarodions\.vscode\extensions\redhat.java-1.53.0-win32-x64\jre\21.0.10-win32-x86_64\bin\server\jvm.dll
0x00007ffbd36c0000 - 0x00007ffbd377b000 	C:\WINDOWS\System32\ADVAPI32.dll
0x00007ffbd33a0000 - 0x00007ffbd3447000 	C:\WINDOWS\System32\sechost.dll
0x00007ffbd3890000 - 0x00007ffbd39a8000 	C:\WINDOWS\System32\RPCRT4.dll
0x00007ffbd1f80000 - 0x00007ffbd1ff4000 	C:\WINDOWS\System32\WS2_32.dll
0x00007ffbd0920000 - 0x00007ffbd097e000 	C:\WINDOWS\SYSTEM32\POWRPROF.dll
0x00007ffbb3160000 - 0x00007ffbb3195000 	C:\WINDOWS\SYSTEM32\WINMM.dll
0x00007ffbce350000 - 0x00007ffbce35b000 	C:\WINDOWS\SYSTEM32\VERSION.dll
0x00007ffbd0900000 - 0x00007ffbd0914000 	C:\WINDOWS\SYSTEM32\UMPDC.dll
0x00007ffbcf850000 - 0x00007ffbcf86b000 	C:\WINDOWS\SYSTEM32\kernel.appcore.dll
0x00007ffbbbcb0000 - 0x00007ffbbbcba000 	c:\Users\osarodions\.vscode\extensions\redhat.java-1.53.0-win32-x64\jre\21.0.10-win32-x86_64\bin\jimage.dll
0x00007ffbce930000 - 0x00007ffbceb72000 	C:\WINDOWS\SYSTEM32\DBGHELP.DLL
0x00007ffbd2220000 - 0x00007ffbd25a2000 	C:\WINDOWS\System32\combase.dll
0x00007ffbd2a40000 - 0x00007ffbd2b17000 	C:\WINDOWS\System32\OLEAUT32.dll
0x00007ffbb17c0000 - 0x00007ffbb17fb000 	C:\WINDOWS\SYSTEM32\dbgcore.DLL
0x00007ffbd0b80000 - 0x00007ffbd0c25000 	C:\WINDOWS\System32\bcryptPrimitives.dll
0x00007ffbbc280000 - 0x00007ffbbc28f000 	c:\Users\osarodions\.vscode\extensions\redhat.java-1.53.0-win32-x64\jre\21.0.10-win32-x86_64\bin\instrument.dll
0x00007ffb97130000 - 0x00007ffb97150000 	c:\Users\osarodions\.vscode\extensions\redhat.java-1.53.0-win32-x64\jre\21.0.10-win32-x86_64\bin\java.dll
0x00007ffbd39b0000 - 0x00007ffbd410f000 	C:\WINDOWS\System32\SHELL32.dll
0x00007ffbd1e10000 - 0x00007ffbd1f7a000 	C:\WINDOWS\System32\wintypes.dll
0x00007ffbd1450000 - 0x00007ffbd1cb4000 	C:\WINDOWS\System32\windows.storage.dll
0x00007ffbd2b20000 - 0x00007ffbd2c17000 	C:\WINDOWS\System32\SHCORE.dll
0x00007ffbd30c0000 - 0x00007ffbd3127000 	C:\WINDOWS\System32\shlwapi.dll
0x00007ffbd09e0000 - 0x00007ffbd0a09000 	C:\WINDOWS\SYSTEM32\profapi.dll
0x00007ffb97110000 - 0x00007ffb97128000 	c:\Users\osarodions\.vscode\extensions\redhat.java-1.53.0-win32-x64\jre\21.0.10-win32-x86_64\bin\zip.dll
0x00007ffbbc270000 - 0x00007ffbbc280000 	C:\Users\osarodions\.vscode\extensions\redhat.java-1.53.0-win32-x64\jre\21.0.10-win32-x86_64\bin\net.dll
0x00007ffbc06c0000 - 0x00007ffbc07e7000 	C:\WINDOWS\SYSTEM32\WINHTTP.dll
0x00007ffbcfdc0000 - 0x00007ffbcfe2b000 	C:\WINDOWS\system32\mswsock.dll
0x00007ffb960f0000 - 0x00007ffb96106000 	C:\Users\osarodions\.vscode\extensions\redhat.java-1.53.0-win32-x64\jre\21.0.10-win32-x86_64\bin\nio.dll
0x00007ffbbb200000 - 0x00007ffbbb210000 	c:\Users\osarodions\.vscode\extensions\redhat.java-1.53.0-win32-x64\jre\21.0.10-win32-x86_64\bin\verify.dll
0x00007ffb8c1d0000 - 0x00007ffb8c215000 	C:\Users\osarodions\AppData\Roaming\Code\User\globalStorage\redhat.java\1.53.0\config_win\org.eclipse.equinox.launcher\org.eclipse.equinox.launcher.win32.win32.x86_64_1.3.0.v20260203-2149\eclipse_11919.dll
0x00007ffbd2ca0000 - 0x00007ffbd2e35000 	C:\WINDOWS\System32\ole32.dll
0x00007ffbd00a0000 - 0x00007ffbd00bb000 	C:\WINDOWS\SYSTEM32\CRYPTSP.dll
0x00007ffbcf7b0000 - 0x00007ffbcf7e9000 	C:\WINDOWS\system32\rsaenh.dll
0x00007ffbcfe70000 - 0x00007ffbcfea2000 	C:\WINDOWS\SYSTEM32\USERENV.dll
0x00007ffbd09b0000 - 0x00007ffbd09da000 	C:\WINDOWS\SYSTEM32\bcrypt.dll
0x00007ffbd00c0000 - 0x00007ffbd00cc000 	C:\WINDOWS\SYSTEM32\CRYPTBASE.dll
0x00007ffbcf3b0000 - 0x00007ffbcf3e3000 	C:\WINDOWS\SYSTEM32\IPHLPAPI.DLL
0x00007ffbd30b0000 - 0x00007ffbd30ba000 	C:\WINDOWS\System32\NSI.dll
0x00007ffb94580000 - 0x00007ffb945c9000 	C:\Users\osarodions\AppData\Local\Temp\jna-881512981\jna13226571877444599.dll
0x00007ffbd3780000 - 0x00007ffbd3788000 	C:\WINDOWS\System32\PSAPI.DLL
0x00007ffbc1b40000 - 0x00007ffbc1b5d000 	C:\WINDOWS\SYSTEM32\dhcpcsvc6.DLL
0x00007ffbc1b10000 - 0x00007ffbc1b33000 	C:\WINDOWS\SYSTEM32\dhcpcsvc.DLL
0x00007ffbca1c0000 - 0x00007ffbca1ce000 	C:\Users\osarodions\.vscode\extensions\redhat.java-1.53.0-win32-x64\jre\21.0.10-win32-x86_64\bin\sunmscapi.dll
0x00007ffbd10e0000 - 0x00007ffbd1257000 	C:\WINDOWS\System32\CRYPT32.dll
0x00007ffbd02c0000 - 0x00007ffbd02f0000 	C:\WINDOWS\SYSTEM32\ncrypt.dll
0x00007ffbd0270000 - 0x00007ffbd02af000 	C:\WINDOWS\SYSTEM32\NTASN1.dll
0x00007ffbcf3f0000 - 0x00007ffbcf51a000 	C:\WINDOWS\SYSTEM32\DNSAPI.dll
0x00007ffbc5470000 - 0x00007ffbc547b000 	C:\Windows\System32\rasadhlp.dll
0x00007ffbc5a00000 - 0x00007ffbc5a86000 	C:\WINDOWS\System32\fwpuclnt.dll
0x00007ffbca1b0000 - 0x00007ffbca1b9000 	C:\Users\osarodions\.vscode\extensions\redhat.java-1.53.0-win32-x64\jre\21.0.10-win32-x86_64\bin\extnet.dll

JVMTI agents:
c:\Users\osarodions\.vscode\extensions\redhat.java-1.53.0-win32-x64\lombok\lombok-1.18.39-4050.jar path:c:\Users\osarodions\.vscode\extensions\redhat.java-1.53.0-win32-x64\jre\21.0.10-win32-x86_64\bin\instrument.dll, loaded, initialized, instrumentlib options:none

dbghelp: loaded successfully - version: 4.0.5 - missing functions: none
symbol engine: initialized successfully - sym options: 0x614 - pdb path: .;c:\Users\osarodions\.vscode\extensions\redhat.java-1.53.0-win32-x64\jre\21.0.10-win32-x86_64\bin;C:\WINDOWS\SYSTEM32;C:\WINDOWS\WinSxS\amd64_microsoft.windows.common-controls_6595b64144ccf1df_6.0.26100.8037_none_3e092faae333b53b;c:\Users\osarodions\.vscode\extensions\redhat.java-1.53.0-win32-x64\jre\21.0.10-win32-x86_64\bin\server;C:\Users\osarodions\AppData\Roaming\Code\User\globalStorage\redhat.java\1.53.0\config_win\org.eclipse.equinox.launcher\org.eclipse.equinox.launcher.win32.win32.x86_64_1.3.0.v20260203-2149;C:\Users\osarodions\AppData\Local\Temp\jna-881512981

VM Arguments:
jvm_args: --add-modules=ALL-SYSTEM --add-opens=java.base/java.util=ALL-UNNAMED --add-opens=java.base/java.lang=ALL-UNNAMED --add-opens=java.base/sun.nio.fs=ALL-UNNAMED -Declipse.application=org.eclipse.jdt.ls.core.id1 -Dosgi.bundles.defaultStartLevel=4 -Declipse.product=org.eclipse.jdt.ls.core.product -Djava.import.generatesMetadataFilesAtProjectRoot=false -DDetectVMInstallationsJob.disabled=true -Dfile.encoding=utf8 -XX:+UseParallelGC -XX:GCTimeRatio=4 -XX:AdaptiveSizePolicyWeight=90 -Dsun.zip.disableMemoryMapping=true -Xmx2G -Xms100m -Xlog:disable -javaagent:c:\Users\osarodions\.vscode\extensions\redhat.java-1.53.0-win32-x64\lombok\lombok-1.18.39-4050.jar -XX:+HeapDumpOnOutOfMemoryError -XX:HeapDumpPath=c:\Users\osarodions\AppData\Roaming\Code\User\workspaceStorage\c37b9b432612a68d201790a194620901\redhat.java -Daether.dependencyCollector.impl=bf 
java_command: c:\Users\osarodions\.vscode\extensions\redhat.java-1.53.0-win32-x64\server\plugins\org.eclipse.equinox.launcher_1.7.100.v20251111-0406.jar -configuration c:\Users\osarodions\AppData\Roaming\Code\User\globalStorage\redhat.java\1.53.0\config_win -data c:\Users\osarodions\AppData\Roaming\Code\User\workspaceStorage\c37b9b432612a68d201790a194620901\redhat.java\jdt_ws --pipe=\\.\pipe\lsp-f0fcd47826397c44699252e13514cdd9-sock
java_class_path (initial): c:\Users\osarodions\.vscode\extensions\redhat.java-1.53.0-win32-x64\server\plugins\org.eclipse.equinox.launcher_1.7.100.v20251111-0406.jar
Launcher Type: SUN_STANDARD

[Global flags]
    uintx AdaptiveSizePolicyWeight                 = 90                                        {product} {command line}
     intx CICompilerCount                          = 4                                         {product} {ergonomic}
    uintx GCTimeRatio                              = 4                                         {product} {command line}
     bool HeapDumpOnOutOfMemoryError               = true                                   {manageable} {command line}
    ccstr HeapDumpPath                             = c:\Users\osarodions\AppData\Roaming\Code\User\workspaceStorage\c37b9b432612a68d201790a194620901\redhat.java         {manageable} {command line}
   size_t InitialHeapSize                          = 104857600                                 {product} {command line}
   size_t MaxHeapSize                              = 2147483648                                {product} {command line}
   size_t MaxNewSize                               = 715653120                                 {product} {ergonomic}
   size_t MinHeapDeltaBytes                        = 524288                                    {product} {ergonomic}
   size_t MinHeapSize                              = 104857600                                 {product} {command line}
   size_t NewSize                                  = 34603008                                  {product} {ergonomic}
    uintx NonNMethodCodeHeapSize                   = 5839372                                {pd product} {ergonomic}
    uintx NonProfiledCodeHeapSize                  = 122909434                              {pd product} {ergonomic}
   size_t OldSize                                  = 70254592                                  {product} {ergonomic}
    uintx ProfiledCodeHeapSize                     = 122909434                              {pd product} {ergonomic}
    uintx ReservedCodeCacheSize                    = 251658240                              {pd product} {ergonomic}
     bool SegmentedCodeCache                       = true                                      {product} {ergonomic}
   size_t SoftMaxHeapSize                          = 2147483648                             {manageable} {ergonomic}
     bool UseCompressedOops                        = true                           {product lp64_product} {ergonomic}
     bool UseLargePagesIndividualAllocation        = false                                  {pd product} {ergonomic}
     bool UseParallelGC                            = true                                      {product} {command line}

Logging:
Log output configuration:
 #0: stdout all=off uptime,level,tags foldmultilines=false
 #1: stderr all=off uptime,level,tags foldmultilines=false

Release file:
JAVA_VERSION="21.0.10" 
MODULES="java.base java.compiler java.datatransfer java.xml java.prefs java.desktop java.instrument java.logging java.management java.security.sasl java.naming java.rmi java.management.rmi java.net.http java.scripting java.security.jgss java.transaction.xa java.sql java.sql.rowset java.xml.crypto java.se java.smartcardio jdk.accessibility jdk.internal.jvmstat jdk.attach jdk.charsets jdk.internal.opt jdk.zipfs jdk.compiler jdk.crypto.ec jdk.crypto.cryptoki jdk.crypto.mscapi jdk.dynalink jdk.internal.ed jdk.editpad jdk.hotspot.agent jdk.httpserver jdk.internal.le jdk.internal.vm.ci jdk.internal.vm.compiler jdk.internal.vm.compiler.management jdk.jartool jdk.javadoc jdk.jcmd jdk.management jdk.management.agent jdk.jconsole jdk.jdeps jdk.jdwp.agent jdk.jdi jdk.jfr jdk.jshell jdk.jsobject jdk.jstatd jdk.localedata jdk.management.jfr jdk.naming.dns jdk.naming.rmi jdk.net jdk.nio.mapmode jdk.random jdk.sctp jdk.security.auth jdk.security.jgss jdk.unsupported jdk.unsupported.desktop jdk.xml.dom" 

Environment Variables:
JAVA_HOME=C:\Program Files\Eclipse Adoptium\jdk-17.0.16.8-hotspot\
PATH=C:\Users\osarodions\AppData\Local\Programs\Microsoft VS Code;C:\Program Files\Eclipse Adoptium\jdk-17.0.16.8-hotspot\bin;C:\Program Files\MongoDB\Server\8.0\bin;C:\Program Files\nodejs\;C:\Program Files\MySQL\MySQL Server 8.0\bin;C:\Program Files\Common Files\Oracle\Java\javapath;C:\Program Files\Eclipse Adoptium\jdk-17.0.16.8-hotspot\\bin;C:\Program Files (x86)\ChemOffice2002\Common\DLLs;C:\WINDOWS\system32;C:\WINDOWS;C:\WINDOWS\System32\Wbem;C:\WINDOWS\System32\WindowsPowerShell\v1.0\;C:\WINDOWS\System32\OpenSSH\;C:\Program Files\dotnet\;C:\Program Files\Git\cmd;C:\apache-maven-3.9.12-bin\apache-maven-3.9.12\bin;C:\Program Files\MySQL\MySQL Shell 8.0\bin\;C:\Users\osarodions\AppData\Local\Programs\Python\Python310\;C:\Users\osarodions\AppData\Local\Programs\Python\Python310\Scripts\;C:\Users\osarodions\AppData\Local\Programs\Python\Launcher\;C:\Users\osarodions\AppData\Local\Microsoft\WindowsApps;C:\Users\osarodions\AppData\Local\JetBrains\Toolbox\scripts;C:\Users\osarodions\AppData\Local\GitHubDesktop\bin;C:\Program Files\Git\bin\;C:\Windows\System32;C:\Users\osarodions\AppData\Roaming\npm;C:\Users\osarodions\AppData\Local\Programs\Microsoft VS Code\bin
USERNAME=osarodions
OS=Windows_NT
PROCESSOR_IDENTIFIER=Intel64 Family 6 Model 142 Stepping 12, GenuineIntel
TMP=C:\Users\OSAROD~1\AppData\Local\Temp
TEMP=C:\Users\OSAROD~1\AppData\Local\Temp




Periodic native trim disabled

---------------  S Y S T E M  ---------------

OS:
 Windows 11 , 64 bit Build 26100 (10.0.26100.7920)
OS uptime: 11 days 5:43 hours

CPU: total 8 (initial active 8) (4 cores per cpu, 2 threads per core) family 6 model 142 stepping 12 microcode 0xf4, cx8, cmov, fxsr, ht, mmx, 3dnowpref, sse, sse2, sse3, ssse3, sse4.1, sse4.2, popcnt, lzcnt, tsc, tscinvbit, avx, avx2, aes, erms, clmul, bmi1, bmi2, adx, fma, vzeroupper, clflush, clflushopt, rdtscp, f16c
Processor Information for the first 8 processors :
  Max Mhz: 2208, Current Mhz: 1706, Mhz Limit: 1700

Memory: 4k page, system-wide physical 7792M (518M free)
TotalPageFile size 31344M (AvailPageFile size 8M)
current process WorkingSet (physical memory assigned to process): 239M, peak: 248M
current process commit charge ("private bytes"): 353M, peak: 362M

vm_info: OpenJDK 64-Bit Server VM (21.0.10+7-LTS) for windows-amd64 JRE (21.0.10+7-LTS), built on 2026-01-20T00:00:00Z by "admin" with MS VC++ 17.12 (VS2022)

END.
